2026-04-17 18:49:38,507 [INFO] [b_SVD-LDM] ================================================================================
2026-04-17 18:49:38,507 [INFO] [b_SVD-LDM] LDM b_SVD Stage A
2026-04-17 18:49:38,507 [INFO] [b_SVD-LDM] target_block=model.input_blocks.4 target_N=32 T=200
2026-04-17 18:49:38,507 [INFO] [b_SVD-LDM] in_memory_pipeline=True
2026-04-17 18:49:38,507 [INFO] [b_SVD-LDM] ================================================================================
2026-04-17 18:49:38,513 [INFO] [b_SVD-LDM] Loading model from: /home/jimmy/latent-diffusion/models/ldm/ffhq256/model.ckpt
2026-04-17 18:49:41,162 [INFO] [b_SVD-LDM] load_state_dict: missing=0 unexpected=4
2026-04-17 18:49:42,878 [INFO] [b_SVD-LDM] Register block hook: model.input_blocks.4
2026-04-17 18:49:43,087 [INFO] [b_SVD-LDM] Feature shape: C=448 H=32 W=32
2026-04-17 18:50:34,509 [INFO] [b_SVD-LDM] Reached target_N for all timesteps at batch=2
2026-04-17 18:50:34,511 [INFO] [b_SVD-LDM] Run in-memory Stage B/C...
2026-04-17 18:50:42,417 [INFO] [b_SVD-LDM] Stage B done
2026-04-17 18:50:42,827 [INFO] [b_SVD-LDM] Stage C done
2026-04-17 19:13:36,409 [INFO] [b_SVD-LDM] ================================================================================
2026-04-17 19:13:36,409 [INFO] [b_SVD-LDM] LDM b_SVD Stage A
2026-04-17 19:13:36,409 [INFO] [b_SVD-LDM] target_block=model.input_blocks.4 target_N=32 T=200
2026-04-17 19:13:36,409 [INFO] [b_SVD-LDM] in_memory_pipeline=True
2026-04-17 19:13:36,409 [INFO] [b_SVD-LDM] ================================================================================
2026-04-17 19:13:36,416 [INFO] [b_SVD-LDM] Loading model from: /home/jimmy/latent-diffusion/models/ldm/ffhq256/model.ckpt
2026-04-17 19:13:39,063 [INFO] [b_SVD-LDM] load_state_dict: missing=0 unexpected=4
2026-04-17 19:13:39,523 [INFO] [b_SVD-LDM] Register block hook: model.input_blocks.4
2026-04-17 19:13:39,666 [INFO] [b_SVD-LDM] Feature shape: C=448 H=32 W=32
2026-04-17 19:14:05,304 [INFO] [b_SVD-LDM] Reached target_N for all timesteps at batch=2
2026-04-17 19:14:05,306 [INFO] [b_SVD-LDM] Run in-memory Stage B/C...
2026-04-17 19:14:11,935 [INFO] [b_SVD-LDM] Stage B done
2026-04-17 19:14:12,340 [INFO] [b_SVD-LDM] Stage C done
